TestData/Generated_1_500/R10_10.clq
Grah of 10 vertices, 0 edges, density 0
Minimum weighted vertex cover: [ 2 8 10 ], total weight: 236

real	0m0,003s
user	0m0,002s
sys	0m0,000s
TestData/Generated_1_500/R10_20.clq
Grah of 10 vertices, 20 edges, density 0.444444
Minimum weighted vertex cover: [ 1 4 6 7 8 9 10 ], total weight: 1141

real	0m0,002s
user	0m0,002s
sys	0m0,000s
TestData/Generated_1_500/R10_40.clq
Grah of 10 vertices, 40 edges, density 0.888889
Minimum weighted vertex cover: [ 1 2 3 4 5 6 8 9 ], total weight: 1635

real	0m0,002s
user	0m0,001s
sys	0m0,001s
TestData/Generated_1_500/R160_10240.clq
Grah of 160 vertices, 10240 edges, density 0.805031
Minimum weighted vertex cover: [ 1 2 3 4 5 6 8 9 10 11 12 13 14 15 16 17 18 19 20 21 22 23 24 25 26 27 28 29 31 32 33 34 35 36 37 38 39 40 41 42 43 44 45 46 47 48 49 50 51 52 53 54 55 56 57 59 60 61 62 63 64 65 66 67 68 69 70 71 72 73 74 75 77 78 79 80 81 82 83 84 85 86 87 88 89 90 91 92 93 94 95 96 97 98 99 100 101 102 103 104 105 106 107 108 109 110 111 112 113 114 115 116 117 118 119 120 121 122 123 124 125 126 127 128 129 130 131 133 134 135 136 137 138 139 140 141 142 143 144 145 146 147 148 149 150 151 152 153 154 155 156 157 158 159 160 ], total weight: 39680

real	0m0,033s
user	0m0,029s
sys	0m0,003s
TestData/Generated_1_500/R160_10.clq
Grah of 160 vertices, 0 edges, density 0
Minimum weighted vertex cover: [ 32 38 42 91 127 142 159 160 ], total weight: 1191

real	0m0,002s
user	0m0,001s
sys	0m0,001s
TestData/Generated_1_500/R160_1280.clq
Grah of 160 vertices, 1280 edges, density 0.100629
Minimum weighted vertex cover: [ 1 2 3 5 6 7 8 9 10 11 12 13 15 16 17 18 19 20 22 23 25 28 29 30 31 32 33 35 36 37 38 40 41 43 45 47 49 50 51 52 53 55 56 57 59 60 61 64 65 66 67 68 69 70 71 72 73 74 75 76 77 78 79 80 81 82 83 84 85 86 87 89 90 91 92 93 94 95 96 97 98 99 100 101 103 104 106 107 108 109 110 111 113 114 115 116 117 118 120 123 126 127 129 130 132 134 135 136 137 138 139 140 141 143 144 145 146 147 148 149 151 152 153 154 157 158 ], total weight: 27413

real	0m43,674s
user	0m43,649s
sys	0m0,003s
TestData/Generated_1_500/R160_160.clq
Grah of 160 vertices, 35 edges, density 0.00275157
Minimum weighted vertex cover: [ 1 3 4 5 9 10 11 13 18 19 23 27 30 31 32 33 35 40 42 43 44 45 47 48 49 50 54 55 56 57 58 62 66 69 75 77 81 82 84 85 89 90 91 92 96 97 104 105 108 109 111 116 121 122 123 125 129 132 133 134 135 138 139 140 141 145 146 147 153 156 157 159 160 ], total weight: 12619

real	0m0,004s
user	0m0,002s
sys	0m0,000s
TestData/Generated_1_500/R160_20.clq
Grah of 160 vertices, 0 edges, density 0
Minimum weighted vertex cover: [ 27 32 42 44 45 53 73 76 87 91 95 122 124 127 142 159 ], total weight: 3743

real	0m0,003s
user	0m0,001s
sys	0m0,001s
TestData/Generated_1_500/R160_2560.clq
Grah of 160 vertices, 2560 edges, density 0.201258
Minimum weighted vertex cover: [ 1 2 3 4 5 6 7 8 9 10 11 12 13 14 15 16 17 18 19 20 21 22 23 24 26 28 29 30 31 32 33 34 35 36 38 39 40 41 42 43 44 45 46 47 48 49 50 51 52 53 54 55 56 57 58 59 60 61 62 63 64 65 66 67 69 71 73 74 75 76 77 78 80 81 82 83 84 85 87 88 89 90 91 92 94 95 96 97 98 99 100 101 102 103 104 105 106 107 109 110 111 113 115 116 117 118 119 121 123 125 126 127 129 130 131 132 133 134 135 137 138 139 140 141 143 144 145 146 148 150 151 152 153 154 156 157 158 159 160 ], total weight: 35373

real	0m17,094s
user	0m17,079s
sys	0m0,007s
TestData/Generated_1_500/R160_320.clq
Grah of 160 vertices, 240 edges, density 0.0188679
Minimum weighted vertex cover: [ 2 4 10 13 14 15 16 17 18 19 20 23 24 25 27 28 30 32 33 34 36 37 38 40 42 46 47 48 49 50 52 53 54 56 57 58 59 65 66 69 70 71 72 73 74 75 76 77 80 87 88 89 90 92 95 96 97 98 100 101 106 108 110 111 113 114 115 118 122 123 126 127 130 131 132 133 134 135 137 138 139 141 142 144 145 147 153 157 158 159 160 ], total weight: 19582

real	1m14,653s
user	1m14,626s
sys	0m0,000s
TestData/Generated_1_500/R160_40.clq
Grah of 160 vertices, 0 edges, density 0
Minimum weighted vertex cover: [ 1 3 4 7 19 24 27 30 31 32 35 37 38 42 43 44 49 57 66 69 76 78 79 87 99 113 122 127 128 129 138 146 157 159 160 ], total weight: 6204

real	0m0,002s
user	0m0,002s
sys	0m0,000s
TestData/Generated_1_500/R160_5120.clq
Grah of 160 vertices, 5120 edges, density 0.402516
Minimum weighted vertex cover: [ 1 2 3 4 5 6 7 8 9 11 12 13 14 15 17 18 19 20 21 22 23 24 25 26 27 28 29 30 31 32 33 34 35 36 37 38 39 40 41 42 43 44 45 46 47 48 49 50 51 52 53 54 55 56 57 58 59 60 61 62 63 64 66 67 68 69 70 71 72 73 74 75 76 77 79 80 81 84 85 86 87 88 89 90 91 93 94 95 96 97 98 99 100 101 102 103 104 105 106 107 108 109 110 112 113 114 115 116 117 118 119 120 121 122 123 124 125 126 127 128 129 130 131 132 133 134 135 136 138 139 140 141 142 144 145 146 147 148 150 151 152 153 154 155 156 157 159 160 ], total weight: 34253

real	0m0,241s
user	0m0,240s
sys	0m0,000s
TestData/Generated_1_500/R160_640.clq
Grah of 160 vertices, 640 edges, density 0.0503145
Minimum weighted vertex cover: [ 2 3 4 5 6 7 8 9 10 11 13 14 15 16 17 18 19 20 23 24 25 28 30 31 32 33 34 35 36 39 41 42 43 45 46 48 49 51 52 53 54 55 56 57 58 59 60 61 62 65 69 70 73 74 75 77 78 80 81 82 85 86 87 89 90 91 93 94 95 96 97 99 100 101 104 106 110 112 113 115 116 117 118 120 121 122 123 124 125 126 127 130 131 132 135 136 138 139 140 141 142 146 147 153 154 155 156 157 159 ], total weight: 25326

real	9m40,478s
user	9m40,202s
sys	0m0,010s
TestData/Generated_1_500/R160_80.clq
Grah of 160 vertices, 7 edges, density 0.000550314
Minimum weighted vertex cover: [ 2 7 8 13 14 20 21 23 26 27 31 32 35 36 38 40 42 44 48 53 55 58 70 73 78 87 90 91 95 100 101 102 105 111 113 115 124 125 129 130 131 135 141 145 147 153 157 159 ], total weight: 7288

real	0m0,004s
user	0m0,003s
sys	0m0,000s
TestData/Generated_1_500/R20_10.clq
Grah of 20 vertices, 0 edges, density 0
Minimum weighted vertex cover: [ 4 6 7 12 19 20 ], total weight: 948

real	0m0,002s
user	0m0,001s
sys	0m0,001s
TestData/Generated_1_500/R20_160.clq
Grah of 20 vertices, 160 edges, density 0.842105
Minimum weighted vertex cover: [ 1 2 3 4 5 7 8 9 10 11 13 14 15 16 17 18 19 20 ], total weight: 4125

real	0m0,002s
user	0m0,002s
sys	0m0,000s
TestData/Generated_1_500/R20_20.clq
Grah of 20 vertices, 8 edges, density 0.0421053
Minimum weighted vertex cover: [ 6 7 10 12 13 15 16 18 20 ], total weight: 2044

real	0m0,003s
user	0m0,002s
sys	0m0,000s
TestData/Generated_1_500/R20_40.clq
Grah of 20 vertices, 32 edges, density 0.168421
Minimum weighted vertex cover: [ 1 6 7 9 11 12 13 14 16 17 18 20 ], total weight: 2384

real	0m0,003s
user	0m0,002s
sys	0m0,000s
TestData/Generated_1_500/R20_80.clq
Grah of 20 vertices, 80 edges, density 0.421053
Minimum weighted vertex cover: [ 1 2 3 4 6 7 8 9 11 13 14 17 18 19 20 ], total weight: 3527

real	0m0,003s
user	0m0,002s
sys	0m0,001s
TestData/Generated_1_500/R320_10240.clq

real	10m0,001s
user	9m59,794s
sys	0m0,000s
TestData/Generated_1_500/R320_10.clq
Grah of 320 vertices, 0 edges, density 0
Minimum weighted vertex cover: [ 59 61 63 83 89 182 189 205 254 318 ], total weight: 1781

real	0m0,004s
user	0m0,002s
sys	0m0,000s
TestData/Generated_1_500/R320_1280.clq

real	10m0,001s
user	9m59,702s
sys	0m0,000s
TestData/Generated_1_500/R320_160.clq
Grah of 320 vertices, 23 edges, density 0.000450627
Minimum weighted vertex cover: [ 1 3 11 18 21 28 29 31 33 36 37 40 45 48 54 59 60 61 62 63 66 67 68 71 72 76 77 83 85 91 92 96 97 102 105 109 114 115 116 122 123 131 138 139 140 143 144 145 146 148 154 156 159 160 174 175 176 189 192 194 196 198 199 205 212 216 218 220 223 226 230 231 234 240 243 244 245 248 251 254 258 259 260 261 268 269 270 271 276 277 279 282 287 293 294 300 301 303 304 305 309 313 318 320 ], total weight: 19512

real	0m0,005s
user	0m0,003s
sys	0m0,000s
TestData/Generated_1_500/R320_20480.clq
Grah of 320 vertices, 20480 edges, density 0.401254
Minimum weighted vertex cover: [ 1 2 3 4 5 6 7 8 9 10 11 12 13 14 15 16 17 18 20 21 22 23 24 25 26 27 28 29 30 31 32 33 35 36 37 38 39 40 41 42 43 44 45 46 47 48 49 50 51 52 53 54 55 56 57 58 59 60 61 62 63 64 65 66 67 68 69 70 71 72 74 75 76 77 78 79 80 81 82 83 84 85 86 87 88 89 90 91 92 93 94 95 96 97 98 100 101 102 103 104 105 106 107 109 110 111 112 113 114 115 116 117 118 119 120 121 122 123 124 125 126 127 128 129 130 131 132 133 134 135 136 137 138 139 140 141 142 143 144 145 146 147 148 149 150 151 152 153 154 155 156 157 158 159 160 161 162 163 164 165 166 167 168 169 170 171 172 173 174 175 176 177 178 179 180 181 183 184 185 186 187 188 189 190 191 193 194 195 196 197 198 199 200 201 202 203 204 206 207 208 209 210 211 212 213 214 215 216 217 218 219 220 221 222 223 224 226 227 229 230 231 232 233 234 235 236 237 238 239 240 241 242 243 244 245 246 247 248 249 250 251 252 253 254 255 256 257 258 259 260 261 262 263 264 265 266 267 268 269 270 271 272 273 274 275 276 277 278 279 281 282 283 284 285 286 287 288 289 290 291 292 293 294 295 296 297 298 299 300 301 302 303 305 306 307 308 309 310 311 312 314 315 316 317 318 319 320 ], total weight: 77562

real	0m25,081s
user	0m25,070s
sys	0m0,000s
TestData/Generated_1_500/R320_20.clq
Grah of 320 vertices, 0 edges, density 0
Minimum weighted vertex cover: [ 37 83 87 89 114 145 174 181 182 201 205 243 284 290 292 305 307 318 319 ], total weight: 3032

real	0m0,004s
user	0m0,002s
sys	0m0,000s
TestData/Generated_1_500/R320_2560.clq

real	10m0,001s
user	9m59,758s
sys	0m0,007s
TestData/Generated_1_500/R320_320.clq
Grah of 320 vertices, 85 edges, density 0.00166536
Minimum weighted vertex cover: [ 2 4 5 8 13 16 20 25 27 28 29 31 36 37 38 39 40 43 44 46 48 49 51 54 55 56 61 62 63 68 69 70 71 73 74 77 79 83 89 90 92 94 96 97 101 105 107 108 109 110 114 115 120 122 126 130 137 141 142 143 144 145 147 152 153 154 156 157 173 174 175 176 179 180 181 183 185 187 188 189 190 192 194 195 196 200 202 205 216 219 220 221 222 225 226 230 233 234 235 236 239 241 243 245 246 247 248 252 254 255 258 259 260 262 264 265 266 269 270 273 274 276 277 283 290 293 294 301 303 305 309 314 315 317 318 319 ], total weight: 28070

real	0m0,083s
user	0m0,082s
sys	0m0,000s
TestData/Generated_1_500/R320_40960.clq
Grah of 320 vertices, 40960 edges, density 0.802508
Minimum weighted vertex cover: [ 1 2 3 4 5 6 7 8 9 10 11 12 13 14 15 16 17 18 19 20 21 22 23 24 25 26 27 28 29 30 31 32 33 34 35 36 37 38 39 40 41 42 43 44 45 46 47 48 49 50 51 52 53 54 55 56 57 59 60 61 62 63 64 65 66 67 68 69 70 71 72 73 74 75 76 77 78 79 80 81 82 83 84 85 86 87 88 89 90 91 92 93 94 96 97 98 99 100 101 102 103 104 105 106 107 108 109 110 111 112 113 114 115 116 117 118 119 120 121 122 123 124 125 126 127 128 129 130 131 132 133 134 135 136 137 138 139 140 141 142 143 144 145 146 147 148 149 150 151 152 153 154 155 156 157 158 159 160 161 162 163 164 165 166 167 168 169 170 171 172 173 174 175 176 177 178 179 180 181 182 183 184 185 186 187 188 189 190 191 192 193 194 195 196 197 198 199 200 201 202 203 204 205 206 207 208 209 210 211 212 213 214 215 216 217 218 219 220 221 222 223 224 225 226 227 228 229 230 231 232 233 234 235 236 237 239 240 241 242 243 244 245 246 247 248 249 250 251 252 253 254 255 256 257 258 259 260 261 262 263 264 265 266 267 268 269 270 271 272 273 274 275 276 277 278 279 280 281 282 283 284 285 286 287 288 290 291 292 293 294 295 296 297 298 299 300 301 302 304 305 306 307 308 309 310 311 312 313 314 315 316 317 318 319 320 ], total weight: 73814

real	0m0,211s
user	0m0,206s
sys	0m0,003s
TestData/Generated_1_500/R320_40.clq
Grah of 320 vertices, 0 edges, density 0
Minimum weighted vertex cover: [ 2 8 14 32 37 42 43 54 63 64 79 83 85 87 89 97 105 109 114 116 131 150 156 168 181 182 189 212 230 255 277 282 284 290 305 317 318 ], total weight: 5416

real	0m0,003s
user	0m0,001s
sys	0m0,001s
TestData/Generated_1_500/R320_5120.clq

real	10m0,001s
user	9m59,782s
sys	0m0,000s
TestData/Generated_1_500/R320_640.clq

real	10m0,001s
user	9m59,579s
sys	0m0,000s
TestData/Generated_1_500/R320_80.clq
Grah of 320 vertices, 11 edges, density 0.000215517
Minimum weighted vertex cover: [ 2 8 11 15 17 20 21 25 32 40 41 45 59 63 64 70 74 76 79 83 87 90 96 97 106 109 131 137 150 152 156 168 169 182 184 189 200 202 207 209 216 218 220 221 222 225 230 247 248 270 275 276 282 284 290 292 300 302 307 313 ], total weight: 9110

real	0m0,004s
user	0m0,002s
sys	0m0,000s
TestData/Generated_1_500/R40_10.clq
Grah of 40 vertices, 0 edges, density 0
Minimum weighted vertex cover: [ 5 6 8 11 12 32 40 ], total weight: 941

real	0m0,003s
user	0m0,002s
sys	0m0,000s
TestData/Generated_1_500/R40_160.clq
Grah of 40 vertices, 160 edges, density 0.205128
Minimum weighted vertex cover: [ 1 2 3 4 6 7 8 9 10 12 14 16 17 18 20 21 22 23 24 26 28 29 30 31 32 34 37 38 39 ], total weight: 5909

real	0m0,004s
user	0m0,003s
sys	0m0,001s
TestData/Generated_1_500/R40_20.clq
Grah of 40 vertices, 0 edges, density 0
Minimum weighted vertex cover: [ 8 10 11 14 19 23 31 37 39 40 ], total weight: 2066

real	0m0,002s
user	0m0,002s
sys	0m0,000s
TestData/Generated_1_500/R40_320.clq
Grah of 40 vertices, 320 edges, density 0.410256
Minimum weighted vertex cover: [ 1 3 5 7 8 9 10 11 12 13 14 17 18 19 20 21 23 24 25 27 28 29 30 31 32 33 34 35 36 37 38 39 40 ], total weight: 6827

real	0m0,003s
user	0m0,002s
sys	0m0,000s
TestData/Generated_1_500/R40_40.clq
Grah of 40 vertices, 8 edges, density 0.0102564
Minimum weighted vertex cover: [ 1 3 5 6 8 10 11 17 18 19 20 21 27 31 33 35 37 39 40 ], total weight: 2454

real	0m0,002s
user	0m0,002s
sys	0m0,000s
TestData/Generated_1_500/R40_640.clq
Grah of 40 vertices, 640 edges, density 0.820513
Minimum weighted vertex cover: [ 1 2 3 5 6 7 8 9 10 11 12 13 14 15 16 17 18 19 20 21 22 23 24 25 26 27 29 30 31 32 33 34 35 36 37 38 40 ], total weight: 9377

real	0m0,003s
user	0m0,002s
sys	0m0,000s
TestData/Generated_1_500/R40_80.clq
Grah of 40 vertices, 29 edges, density 0.0371795
Minimum weighted vertex cover: [ 1 2 3 4 5 6 7 9 10 13 14 18 19 20 23 24 26 28 29 31 32 33 34 36 38 ], total weight: 4262

real	0m0,002s
user	0m0,001s
sys	0m0,001s
TestData/Generated_1_500/R80_10.clq
Grah of 80 vertices, 0 edges, density 0
Minimum weighted vertex cover: [ 16 23 46 73 75 80 ], total weight: 1066

real	0m0,003s
user	0m0,003s
sys	0m0,000s
TestData/Generated_1_500/R80_1280.clq
Grah of 80 vertices, 1280 edges, density 0.405063
Minimum weighted vertex cover: [ 1 2 3 4 5 6 7 8 9 10 12 13 14 15 16 17 18 19 20 21 22 23 24 25 27 28 29 31 32 33 34 35 36 37 38 39 40 41 42 43 44 45 47 48 49 52 53 54 55 57 59 60 61 62 63 64 65 66 67 68 69 70 71 72 73 74 75 76 77 79 80 ], total weight: 17894

real	0m0,009s
user	0m0,009s
sys	0m0,000s
TestData/Generated_1_500/R80_160.clq
Grah of 80 vertices, 130 edges, density 0.0411392
Minimum weighted vertex cover: [ 1 2 4 7 8 9 16 17 18 19 20 21 22 25 26 27 29 30 33 35 36 37 38 39 40 41 43 44 45 46 48 49 56 57 58 59 60 61 62 63 64 66 68 69 74 77 79 80 ], total weight: 8565

real	0m0,241s
user	0m0,241s
sys	0m0,000s
TestData/Generated_1_500/R80_20.clq
Grah of 80 vertices, 0 edges, density 0
Minimum weighted vertex cover: [ 21 22 23 27 28 29 37 44 46 51 52 71 73 77 80 ], total weight: 2392

real	0m0,003s
user	0m0,002s
sys	0m0,000s
TestData/Generated_1_500/R80_2560.clq
Grah of 80 vertices, 2560 edges, density 0.810127
Minimum weighted vertex cover: [ 1 2 3 4 6 7 8 10 11 12 13 14 15 16 17 18 19 20 21 22 23 24 25 26 27 28 29 30 31 32 33 34 35 36 37 38 39 40 41 42 43 44 45 46 47 48 49 50 51 52 53 54 55 56 57 58 59 60 61 62 63 64 65 66 67 68 69 70 72 73 74 75 77 78 79 80 ], total weight: 20377

real	0m0,006s
user	0m0,004s
sys	0m0,001s
TestData/Generated_1_500/R80_320.clq
Grah of 80 vertices, 320 edges, density 0.101266
Minimum weighted vertex cover: [ 1 2 3 4 5 6 7 8 10 11 13 14 15 17 18 20 21 23 24 25 26 27 28 29 32 33 35 36 39 40 41 43 44 45 46 49 51 52 56 57 58 59 61 62 63 64 66 70 71 72 74 75 76 77 78 80 ], total weight: 11699

real	0m0,111s
user	0m0,110s
sys	0m0,000s
TestData/Generated_1_500/R80_40.clq
Grah of 80 vertices, 4 edges, density 0.00126582
Minimum weighted vertex cover: [ 4 16 18 19 20 22 25 27 28 29 33 37 40 42 44 46 58 64 65 66 69 75 76 77 79 80 ], total weight: 4119

real	0m0,003s
user	0m0,002s
sys	0m0,000s
TestData/Generated_1_500/R80_640.clq
Grah of 80 vertices, 640 edges, density 0.202532
Minimum weighted vertex cover: [ 1 2 3 5 6 7 9 10 11 12 13 14 15 16 17 18 19 20 22 23 24 25 26 27 28 31 34 35 37 38 39 40 42 43 45 46 47 48 49 51 53 54 55 57 59 60 61 62 63 64 65 66 67 68 69 70 71 72 73 75 76 77 78 79 80 ], total weight: 14040

real	0m0,027s
user	0m0,027s
sys	0m0,000s
TestData/Generated_1_500/R80_80.clq
Grah of 80 vertices, 46 edges, density 0.014557
Minimum weighted vertex cover: [ 2 5 7 8 10 11 18 19 20 21 24 35 38 42 43 45 46 51 52 54 55 56 61 62 64 66 68 69 70 71 73 77 80 ], total weight: 6505

real	0m0,005s
user	0m0,005s
sys	0m0,000s
